300
301
302
303
304
305
306
307
308
309
310
311
312
313
314
315
316
317
318
319
320
321
322
323
324
325
326
327
328
329
330
331
332
333
334
335
336
337
338
339
340
341
342
343
344
345
346
347
348
349
350
351
352
353
354
355
356
357
358
359
360
361
362
363
364
365
366
367
368
369
370
371
372
373
374
375
376
377
378
379
380
381
382
383
384
385
386
387
388
389
390
391
392
393
394
395
396
397
398
399
400
401
402
403
404
405
406
407
408
409
410
411
412
413
414
415
416
417
418
419
420
421
422
423
424
425
426
427
428
429
430
431
432
433
434
435
436
437
438
439
440
441
442
443
444
445
446
447
448
449
450
451
452
453
454
455
456
457
458
459
460
461
462
463
464
465
466
467
468
469
470
471
472
473
474
475
476
477
478
479
480
481
482
483
484
485
486
487
488
489
490
491
492
493
494
495
496
497
498
499
500
501
502
503
504
505
506
507
508
509
510
511
512
513
514
515
516
517
518
519
520
521
522
523
524
525
526
527
528
529
530
531
532
533
534
535
536
537
538
539
540
541
542
543
544
545
546
547
548
549
550
551
552
553
554
555
556
557
558
559
560
561
562
563
564
565
566
567
568
569
570
571
572
573
574
575
576
577
578
579
580
581
582
583
584
585
586
587
588
589
590
591
592
593
594
595
596
597
598
599
600
601
602
603
604
605
606
607
300
608
301
302
303
609
304
305
610
306
307
308
611
309
310
311
312
612
313
314
315
316
317
613
318
319
320
321
322
323
324
325
326
327
328
329
330
331
332
614
333
334
335
336
615
337
338
616
339
340
617
341
342
618
343
344
345
619
346
347
348
620
349
350
351
621
352
353
622
354
355
356
357
623
358
359
360
361
624
362
363
364
365
625
366
367
368
626
369
370
371
372
373
374
375
376
377
378
379
380
381
382
383
627
384
385
386
387
628
388
629
389
390
630
391
392
393
631
394
395
632
396
397
398
399
400
633
401
402
403
404
405
406
634
407
408
635
409
636
410
411
637
412
413
414
638
415
416
417
418
639
419
640
420
421
641
422
423
424
425
426
427
428
429
430
431
432
433
434
435
436
437
438
439
440
441
442
642
443
444
643
445
446
447
644
448
449
645
450
451
452
646
453
647
454
455
456
648
457
649
458
459
460
650
461
462
651
463
464
465
652
466
467
468
653
469
470
471
472
473
474
654
475
476
477
478
479
480
481
482
483
484
485
486
487
488
489
490
491
492
493
494
495
655
496
656
497
498
657
499
658
500
501
502
659
503
504
505
506
507
508
509
510
511
512
513
514
515
516
517
518
519
520
521
522
523
524
525
526
527
528
529
530
531
532
533
534
535
536
537
538
539
540
541
542
543
544
545
546
547
548
549
660
550
551
552
553
661
554
555
556
557
558
559
560
561
562
563
564
565
566
567
568
569
570
571
572
573
574
575
576
577
578
579
580
581
582
583
584
585
586
587
588
589
590
591
592
593
594
595
596
597
598
599
600
601
602
603
300
301
604
302
303
304
305
306
605
307
308
606
309
310
311
312
607
608
313
314
315
609
316
317
610
318
319
320
321
322
323
324
325
326
327
328
611
329
330
331
332
612
333
334
335
336
613
337
338
339
340
614
341
342
615
343
344
345
616
346
347
348
617
349
350
351
618
352
353
619
354
355
356
357
620
358
359
360
361
621
362
363
364
365
622
366
367
368
623
369
370
371
372
373
374
375
376
377
378
379
380
381
382
383
624
384
385
386
387
388
389
390
391
392
393
394
395
396
397
398
399
400
401
402
403
404
405
406
407
408
409
625
410
411
626
412
413
414
415
416
417
418
419
420
421
422
423
424
425
426
427
428
429
430
431
432
433
434
435
436
437
438
439
440
441
442
443
444
445
446
447
448
449
450
451
452
453
454
455
456
457
458
459
460
461
462
463
464
465
466
467
468
469
470
471
472
473
474
475
476
477
478
479
480
481
482
483
484
485
486
487
488
489
490
491
492
493
494
495
496
497
498
499
500
501
502
503
504
505
506
507
508
509
510
511
512
513
514
515
516
517
518
519
520
521
522
523
524
525
526
527
528
529
530
531
532
533
534
535
536
537
538
539
540
541
542
543
544
545
546
547
548
549
550
551
552
553
554
555
556
557
558
559
560
561
562
563
564
565
566
567
568
569
570
571
572
573
574
575
576
577
578
579
580
581
300
301
302
303
304
305
306
307
308
309
310
311
312
313
314
315
316
317
318
319
320
321
322
323
324
325
326
327
328
329
